<?xml version="1.0" encoding="UTF-8"?>
<testng-results ignored="0" total="4" passed="4" failed="0" skipped="0">
  <reporter-output>
  </reporter-output>
  <suite started-at="2021-12-04T11:33:59 IST" name="Default suite" finished-at="2021-12-04T11:34:00 IST" duration-ms="691">
    <groups>
      <group name="cucumber">
        <method signature="AbstractTestNGCucumberTests.runScenario(io.cucumber.testng.PickleWrapper,io.cucumber.testng.FeatureWrapper)[pri:0, instance:com.tests.TestRunner@2ed2d9cb]" name="runScenario" class="io.cucumber.testng.AbstractTestNGCucumberTests"/>
      </group> <!-- cucumber -->
    </groups>
    <test started-at="2021-12-04T11:33:59 IST" name="Default test" finished-at="2021-12-04T11:34:00 IST" duration-ms="691">
      <class name="com.tests.TestRunner">
        <test-method is-config="true" signature="beforesuite()[pri:0, instance:com.tests.TestRunner@2ed2d9cb]" started-at="2021-12-04T11:33:59 IST" name="beforesuite" finished-at="2021-12-04T11:33:59 IST" duration-ms="157" status="PASS">
          <reporter-output>
          </reporter-output>
        </test-method> <!-- beforesuite -->
        <test-method is-config="true" signature="setUpClass()[pri:0, instance:com.tests.TestRunner@2ed2d9cb]" started-at="2021-12-04T11:33:59 IST" name="setUpClass" finished-at="2021-12-04T11:34:00 IST" duration-ms="392" status="PASS">
          <reporter-output>
          </reporter-output>
        </test-method> <!-- setUpClass -->
        <test-method signature="runScenario(io.cucumber.testng.PickleWrapper,io.cucumber.testng.FeatureWrapper)[pri:0, instance:com.tests.TestRunner@2ed2d9cb]" started-at="2021-12-04T11:34:00 IST" name="runScenario" description="Runs Cucumber Scenarios" data-provider="scenarios" finished-at="2021-12-04T11:34:00 IST" duration-ms="140" status="PASS">
          <params>
            <param index="0">
              <value>
                <![CDATA["Sample test1"]]>
              </value>
            </param>
            <param index="1">
              <value>
                <![CDATA["Optional[Sample tests]"]]>
              </value>
            </param>
          </params>
          <reporter-output>
          </reporter-output>
        </test-method> <!-- runScenario -->
        <test-method signature="runScenario(io.cucumber.testng.PickleWrapper,io.cucumber.testng.FeatureWrapper)[pri:0, instance:com.tests.TestRunner@2ed2d9cb]" started-at="2021-12-04T11:34:00 IST" name="runScenario" description="Runs Cucumber Scenarios" data-provider="scenarios" finished-at="2021-12-04T11:34:00 IST" duration-ms="5" status="PASS">
          <params>
            <param index="0">
              <value>
                <![CDATA["Sample test2"]]>
              </value>
            </param>
            <param index="1">
              <value>
                <![CDATA["Optional[Sample tests]"]]>
              </value>
            </param>
          </params>
          <reporter-output>
          </reporter-output>
        </test-method> <!-- runScenario -->
        <test-method signature="runScenario(io.cucumber.testng.PickleWrapper,io.cucumber.testng.FeatureWrapper)[pri:0, instance:com.tests.TestRunner@2ed2d9cb]" started-at="2021-12-04T11:34:00 IST" name="runScenario" description="Runs Cucumber Scenarios" data-provider="scenarios" finished-at="2021-12-04T11:34:00 IST" duration-ms="4" status="PASS">
          <params>
            <param index="0">
              <value>
                <![CDATA["Sample test3"]]>
              </value>
            </param>
            <param index="1">
              <value>
                <![CDATA["Optional[Sample tests]"]]>
              </value>
            </param>
          </params>
          <reporter-output>
          </reporter-output>
        </test-method> <!-- runScenario -->
        <test-method signature="runScenario(io.cucumber.testng.PickleWrapper,io.cucumber.testng.FeatureWrapper)[pri:0, instance:com.tests.TestRunner@2ed2d9cb]" started-at="2021-12-04T11:34:00 IST" name="runScenario" description="Runs Cucumber Scenarios" data-provider="scenarios" finished-at="2021-12-04T11:34:00 IST" duration-ms="7" status="PASS">
          <params>
            <param index="0">
              <value>
                <![CDATA["Sample test4"]]>
              </value>
            </param>
            <param index="1">
              <value>
                <![CDATA["Optional[Sample tests]"]]>
              </value>
            </param>
          </params>
          <reporter-output>
          </reporter-output>
        </test-method> <!-- runScenario -->
        <test-method is-config="true" signature="tearDownClass()[pri:0, instance:com.tests.TestRunner@2ed2d9cb]" started-at="2021-12-04T11:34:00 IST" name="tearDownClass" finished-at="2021-12-04T11:34:00 IST" duration-ms="107" status="PASS">
          <reporter-output>
          </reporter-output>
        </test-method> <!-- tearDownClass -->
      </class> <!-- com.tests.TestRunner -->
    </test> <!-- Default test -->
  </suite> <!-- Default suite -->
</testng-results>
